
Run date: Mon May 16 17:04:57 2022

Run date: Mon May 16 17:10:31 2022

Run date: Mon May 16 17:13:20 2022

Run date: Thu May 19 17:51:48 2022

Run date: Thu May 19 18:56:22 2022

Run date: Thu May 19 19:12:32 2022
 eta_1: 0.001   eta_2: 0.035  
Run completed successfully!

Run date: Thu May 19 22:15:23 2022
 eta_1: 0.001   eta_2: 0.035  
Run completed successfully!

Run date: Mon May 23 19:03:58 2022

Run date: Mon May 23 19:25:00 2022
 eta_1: 0.001   eta_2: 0.035  
Run completed successfully!

Run date: Mon May 23 19:51:02 2022
 eta_1: 0.001   eta_2: 0.035  
Run completed successfully!

Run date: Mon May 23 20:30:23 2022
 eta_1: 0.001   eta_2: 0.035  
Run completed successfully!

Run date: Mon May 23 20:34:39 2022
 eta_1: 0.001   eta_2: 0.035  
Run completed successfully!

Run date: Mon May 23 21:16:28 2022
 eta_1: 0.001   eta_2: 0.035  
Run completed successfully!

Run date: Mon May 23 21:43:11 2022
 eta_1: 0.001   eta_2: 0.035  
Run completed successfully!

Run date: Wed May 25 14:57:04 2022
 eta_1: 0.001   eta_2: 0.035  
Run completed successfully!

Run date: Wed May 25 15:26:49 2022
 eta_1: 0.001   eta_2: 0.035  
Run completed successfully!

Run date: Wed May 25 16:06:29 2022
 eta_1: 0.001   eta_2: 0.035  
Run completed successfully!

Run date: Wed May 25 16:26:33 2022
 eta_1: 0.001   eta_2: 0.035  
Run completed successfully!

Run date: Wed May 25 16:41:33 2022
 eta_1: 0.001   eta_2: 0.035  
Run completed successfully!

Run date: Wed May 25 16:43:52 2022
 eta_1: 0.001   eta_2: 0.035  
Run completed successfully!

Run date: Wed May 25 17:05:30 2022
 eta_1: 0.001   eta_2: 0.035  
Run completed successfully!

Run date: Wed May 25 17:20:42 2022
 eta_1: 0.001   eta_2: 0.035  
Run completed successfully!

Run date: Thu May 26 19:43:15 2022
 eta_1: 0.001   eta_2: 0.035  
Run completed successfully!

Run date: Thu May 26 19:48:25 2022
 eta_1: 0.001   eta_2: 0.035  
Run completed successfully!
